{
  "RSpec": {
    "coverage": {
      "/Users/joaochaves/workspace/sis88/juros_api/app/controllers/authentication_controller.rb": {
        "lines": [
          null,
          null,
          1,
          1,
          null,
          1,
          2,
          2,
          1,
          1,
          null,
          1,
          null,
          null
        ]
      },
      "/Users/joaochaves/workspace/sis88/juros_api/app/controllers/application_controller.rb": {
        "lines": [
          null,
          null,
          1,
          1,
          null,
          1,
          null,
          1,
          null,
          1,
          0,
          0,
          null,
          null,
          0,
          0,
          null,
          0,
          null,
          null,
          null
        ]
      },
      "/Users/joaochaves/workspace/sis88/juros_api/app/controllers/concerns/json_web_token.rb": {
        "lines": [
          1,
          1,
          1,
          1,
          null,
          1,
          1,
          1,
          null,
          null,
          1,
          0,
          0,
          null,
          null
        ]
      },
      "/Users/joaochaves/workspace/sis88/juros_api/app/controllers/sales_controller.rb": {
        "lines": [
          null,
          null,
          null,
          1,
          1,
          1,
          0,
          null,
          null,
          1,
          1,
          null,
          null,
          1,
          0,
          0,
          0,
          null,
          0,
          null,
          null,
          null,
          1,
          null,
          1,
          0,
          0,
          null,
          0,
          null,
          null,
          null,
          null,
          1,
          1,
          null,
          null,
          1,
          null,
          1,
          1,
          null,
          null,
          1,
          0,
          null,
          null
        ]
      },
      "/Users/joaochaves/workspace/sis88/juros_api/app/models/plot.rb": {
        "lines": [
          1,
          1,
          1,
          null,
          1,
          1,
          1,
          null,
          1,
          null,
          null,
          null,
          1,
          null,
          null,
          null,
          1,
          null,
          null,
          null,
          1,
          null
        ]
      },
      "/Users/joaochaves/workspace/sis88/juros_api/app/models/application_record.rb": {
        "lines": [
          1,
          1,
          null
        ]
      },
      "/Users/joaochaves/workspace/sis88/juros_api/app/models/sale.rb": {
        "lines": [
          1,
          1,
          1,
          1,
          1,
          1,
          1,
          null,
          1,
          null,
          1,
          5,
          null,
          4,
          null,
          null,
          null,
          1,
          6,
          null,
          null
        ]
      },
      "/Users/joaochaves/workspace/sis88/juros_api/app/models/user.rb": {
        "lines": [
          null,
          null,
          1,
          1,
          null,
          1,
          null,
          1,
          1,
          1,
          null
        ]
      },
      "/Users/joaochaves/workspace/sis88/juros_api/app/models/customer.rb": {
        "lines": [
          1,
          1,
          null,
          1,
          1,
          null
        ]
      },
      "/Users/joaochaves/workspace/sis88/juros_api/app/channels/application_cable/channel.rb": {
        "lines": [
          0,
          0,
          0,
          0
        ],
        "branches": {}
      },
      "/Users/joaochaves/workspace/sis88/juros_api/app/channels/application_cable/connection.rb": {
        "lines": [
          0,
          0,
          0,
          0
        ],
        "branches": {}
      },
      "/Users/joaochaves/workspace/sis88/juros_api/app/controllers/customers_controller.rb": {
        "lines": [
          null,
          null,
          null,
          0,
          0,
          0,
          0,
          0,
          0,
          null,
          0,
          0,
          0,
          0,
          null,
          0,
          0,
          0,
          0,
          0,
          0,
          0,
          0,
          null,
          0,
          null,
          0,
          0,
          0,
          0,
          0,
          0,
          0,
          null,
          0,
          0,
          0,
          null,
          0,
          null,
          0,
          0,
          0,
          null,
          0,
          0,
          0,
          0,
          0,
          0,
          0,
          0
        ],
        "branches": {}
      },
      "/Users/joaochaves/workspace/sis88/juros_api/app/controllers/plots_controller.rb": {
        "lines": [
          null,
          null,
          0,
          0,
          0,
          null,
          0,
          0,
          0,
          0,
          0,
          0,
          0,
          null,
          0,
          null,
          0,
          0,
          0,
          0
        ],
        "branches": {}
      },
      "/Users/joaochaves/workspace/sis88/juros_api/app/controllers/users_controller.rb": {
        "lines": [
          null,
          null,
          0,
          0,
          null,
          0,
          0,
          0,
          0,
          0
        ],
        "branches": {}
      },
      "/Users/joaochaves/workspace/sis88/juros_api/app/jobs/application_job.rb": {
        "lines": [
          0,
          null,
          null,
          null,
          null,
          null,
          0
        ],
        "branches": {}
      },
      "/Users/joaochaves/workspace/sis88/juros_api/app/mailers/application_mailer.rb": {
        "lines": [
          0,
          0,
          0,
          0
        ],
        "branches": {}
      },
      "/Users/joaochaves/workspace/sis88/juros_api/app/models/address.rb": {
        "lines": [
          null,
          null,
          null,
          0,
          0,
          0
        ],
        "branches": {}
      }
    },
    "timestamp": 1736442526
  }
}
